#
# There is insufficient memory for the Java Runtime Environment to continue.
# Native memory allocation (malloc) failed to allocate 294256 bytes for Chunk::new
# Possible reasons:
#   The system is out of physical RAM or swap space
#   In 32 bit mode, the process size limit was hit
# Possible solutions:
#   Reduce memory load on the system
#   Increase physical memory or swap space
#   Check if swap backing store is full
#   Use 64 bit Java on a 64 bit OS
#   Decrease Java heap size (-Xmx/-Xms)
#   Decrease number of Java threads
#   Decrease Java thread stack sizes (-Xss)
#   Set larger code cache with -XX:ReservedCodeCacheSize=
# This output file may be truncated or incomplete.
#
#  Out of Memory Error (allocation.cpp:323), pid=316312, tid=314896
#
# JRE version: Java(TM) SE Runtime Environment (7.0_71-b14) (build 1.7.0_71-b14)
# Java VM: Java HotSpot(TM) 64-Bit Server VM (24.71-b01 mixed mode windows-amd64 compressed oops)
# Failed to write core dump. Minidumps are not enabled by default on client versions of Windows
#

---------------  T H R E A D  ---------------

Current thread (0x0000000008ede800):  JavaThread "C2 CompilerThread0" daemon [_thread_in_native, id=314896, stack(0x000000000a430000,0x000000000a530000)]

Stack: [0x000000000a430000,0x000000000a530000]

Current CompileTask:
C2:  15282  769             com.android.dx.dex.file.CodeItem::addContents (174 bytes)


---------------  P R O C E S S  ---------------

Java Threads: ( => current thread )
  0x000000000a9f5800 JavaThread "pool-1-thread-1" [_thread_in_Java, id=316224, stack(0x000000000c900000,0x000000000ca00000)]
  0x0000000008ef0000 JavaThread "Service Thread" daemon [_thread_blocked, id=297016, stack(0x000000000a630000,0x000000000a730000)]
  0x0000000008ee0800 JavaThread "C2 CompilerThread1" daemon [_thread_in_native, id=143372, stack(0x000000000a530000,0x000000000a630000)]
=>0x0000000008ede800 JavaThread "C2 CompilerThread0" daemon [_thread_in_native, id=314896, stack(0x000000000a430000,0x000000000a530000)]
  0x0000000008edd800 JavaThread "Attach Listener" daemon [_thread_blocked, id=314476, stack(0x000000000a330000,0x000000000a430000)]
  0x0000000008ec0000 JavaThread "Signal Dispatcher" daemon [_thread_blocked, id=171056, stack(0x000000000a230000,0x000000000a330000)]
  0x0000000008e8a000 JavaThread "Finalizer" daemon [_thread_blocked, id=315036, stack(0x000000000a130000,0x000000000a230000)]
  0x0000000008e86800 JavaThread "Reference Handler" daemon [_thread_blocked, id=315396, stack(0x000000000a030000,0x000000000a130000)]
  0x0000000002ff3000 JavaThread "main" [_thread_blocked, id=316412, stack(0x0000000002ef0000,0x0000000002ff0000)]

Other Threads:
  0x0000000008e81800 VMThread [stack: 0x0000000009f30000,0x000000000a030000] [id=315132]
  0x0000000008efa000 WatcherThread [stack: 0x000000000a730000,0x000000000a830000] [id=313984]

VM state:not at safepoint (normal execution)

VM Mutex/Monitor currently owned by a thread: None

Heap
 PSYoungGen      total 146432K, used 41627K [0x00000000eaa80000, 0x00000000f4c80000, 0x0000000100000000)
  eden space 129024K, 32% used [0x00000000eaa80000,0x00000000ed326ca0,0x00000000f2880000)
  from space 17408K, 0% used [0x00000000f2880000,0x00000000f2880000,0x00000000f3980000)
  to   space 15360K, 0% used [0x00000000f3980000,0x00000000f3980000,0x00000000f4880000)
 ParOldGen       total 42496K, used 42449K [0x00000000c0000000, 0x00000000c2980000, 0x00000000eaa80000)
  object space 42496K, 99% used [0x00000000c0000000,0x00000000c29747f0,0x00000000c2980000)
 PSPermGen       total 21504K, used 6209K [0x00000000bae00000, 0x00000000bc300000, 0x00000000c0000000)
  object space 21504K, 28% used [0x00000000bae00000,0x00000000bb410460,0x00000000bc300000)

Card table byte_map: [0x00000000060f0000,0x0000000006320000] byte_map_base: 0x0000000005b19000

Polling page: 0x0000000000eb0000

Code Cache  [0x00000000030f0000, 0x0000000003420000, 0x00000000060f0000)
 total_blobs=993 nmethods=754 adapters=191 free_code_cache=46111Kb largest_free_block=47044032

Compilation events (10 events):
Event: 15.231 Thread 0x0000000008ee0800 nmethod 765 0x00000000033f9750 code [0x00000000033f99c0, 0x00000000033fb1a0]
Event: 15.249 Thread 0x0000000008ee0800  770             java.util.HashMap$Entry::getKey (5 bytes)
Event: 15.249 Thread 0x0000000008ee0800 nmethod 770 0x00000000032da050 code [0x00000000032da180, 0x00000000032da1d8]
Event: 15.250 Thread 0x0000000008ee0800  771             java.util.HashMap$KeyIterator::next (8 bytes)
Event: 15.255 Thread 0x0000000008ee0800 nmethod 771 0x00000000033f7950 code [0x00000000033f7aa0, 0x00000000033f7cb8]
Event: 15.259 Thread 0x0000000008ee0800  772             com.android.dx.dex.file.OffsettedItem::getAlignment (5 bytes)
Event: 15.259 Thread 0x0000000008ee0800 nmethod 772 0x00000000033f7750 code [0x00000000033f7880, 0x00000000033f78d8]
Event: 15.265 Thread 0x0000000008ee0800  773             com.android.dx.rop.cst.CstMemberRef::hashCode (19 bytes)
Event: 15.276 Thread 0x0000000008ee0800 nmethod 773 0x00000000032d6290 code [0x00000000032d63e0, 0x00000000032d6858]
Event: 15.276 Thread 0x0000000008ee0800  774             com.android.dx.rop.cst.CstNat::hashCode (19 bytes)

GC Heap History (10 events):
Event: 8.759 GC heap before
{Heap before GC invocations=5 (full 0):
 PSYoungGen      total 68096K, used 68093K [0x00000000eaa80000, 0x00000000eef80000, 0x0000000100000000)
  eden space 65536K, 100% used [0x00000000eaa80000,0x00000000eea80000,0x00000000eea80000)
  from space 2560K, 99% used [0x00000000eed00000,0x00000000eef7f4e8,0x00000000eef80000)
  to   space 2560K, 0% used [0x00000000eea80000,0x00000000eea80000,0x00000000eed00000)
 ParOldGen       total 42496K, used 13800K [0x00000000c0000000, 0x00000000c2980000, 0x00000000eaa80000)
  object space 42496K, 32% used [0x00000000c0000000,0x00000000c0d7a0e0,0x00000000c2980000)
 PSPermGen       total 21504K, used 6026K [0x00000000bae00000, 0x00000000bc300000, 0x00000000c0000000)
  object space 21504K, 28% used [0x00000000bae00000,0x00000000bb3e2b20,0x00000000bc300000)
Event: 8.888 GC heap after
Heap after GC invocations=5 (full 0):
 PSYoungGen      total 68096K, used 2557K [0x00000000eaa80000, 0x00000000f4880000, 0x0000000100000000)
  eden space 65536K, 0% used [0x00000000eaa80000,0x00000000eaa80000,0x00000000eea80000)
  from space 2560K, 99% used [0x00000000eea80000,0x00000000eecff4e8,0x00000000eed00000)
  to   space 15360K, 0% used [0x00000000f3980000,0x00000000f3980000,0x00000000f4880000)
 ParOldGen       total 42496K, used 24052K [0x00000000c0000000, 0x00000000c2980000, 0x00000000eaa80000)
  object space 42496K, 56% used [0x00000000c0000000,0x00000000c177d2b8,0x00000000c2980000)
 PSPermGen       total 21504K, used 6026K [0x00000000bae00000, 0x00000000bc300000, 0x00000000c0000000)
  object space 21504K, 28% used [0x00000000bae00000,0x00000000bb3e2b20,0x00000000bc300000)
}
Event: 9.819 GC heap before
{Heap before GC invocations=6 (full 0):
 PSYoungGen      total 68096K, used 68093K [0x00000000eaa80000, 0x00000000f4880000, 0x0000000100000000)
  eden space 65536K, 100% used [0x00000000eaa80000,0x00000000eea80000,0x00000000eea80000)
  from space 2560K, 99% used [0x00000000eea80000,0x00000000eecff4e8,0x00000000eed00000)
  to   space 15360K, 0% used [0x00000000f3980000,0x00000000f3980000,0x00000000f4880000)
 ParOldGen       total 42496K, used 24052K [0x00000000c0000000, 0x00000000c2980000, 0x00000000eaa80000)
  object space 42496K, 56% used [0x00000000c0000000,0x00000000c177d2b8,0x00000000c2980000)
 PSPermGen       total 21504K, used 6067K [0x00000000bae00000, 0x00000000bc300000, 0x00000000c0000000)
  object space 21504K, 28% used [0x00000000bae00000,0x00000000bb3ece98,0x00000000bc300000)
Event: 9.888 GC heap after
Heap after GC invocations=6 (full 0):
 PSYoungGen      total 144384K, used 13530K [0x00000000eaa80000, 0x00000000f4c80000, 0x0000000100000000)
  eden space 129024K, 0% used [0x00000000eaa80000,0x00000000eaa80000,0x00000000f2880000)
  from space 15360K, 88% used [0x00000000f3980000,0x00000000f46b6af8,0x00000000f4880000)
  to   space 17408K, 0% used [0x00000000f2880000,0x00000000f2880000,0x00000000f3980000)
 ParOldGen       total 42496K, used 24052K [0x00000000c0000000, 0x00000000c2980000, 0x00000000eaa80000)
  object space 42496K, 56% used [0x00000000c0000000,0x00000000c177d2b8,0x00000000c2980000)
 PSPermGen       total 21504K, used 6067K [0x00000000bae00000, 0x00000000bc300000, 0x00000000c0000000)
  object space 21504K, 28% used [0x00000000bae00000,0x00000000bb3ece98,0x00000000bc300000)
}
Event: 11.086 GC heap before
{Heap before GC invocations=7 (full 0):
 PSYoungGen      total 144384K, used 142554K [0x00000000eaa80000, 0x00000000f4c80000, 0x0000000100000000)
  eden space 129024K, 100% used [0x00000000eaa80000,0x00000000f2880000,0x00000000f2880000)
  from space 15360K, 88% used [0x00000000f3980000,0x00000000f46b6af8,0x00000000f4880000)
  to   space 17408K, 0% used [0x00000000f2880000,0x00000000f2880000,0x00000000f3980000)
 ParOldGen       total 42496K, used 24052K [0x00000000c0000000, 0x00000000c2980000, 0x00000000eaa80000)
  object space 42496K, 56% used [0x00000000c0000000,0x00000000c177d2b8,0x00000000c2980000)
 PSPermGen       total 21504K, used 6138K [0x00000000bae00000, 0x00000000bc300000, 0x00000000c0000000)
  object space 21504K, 28% used [0x00000000bae00000,0x00000000bb3feae8,0x00000000bc300000)
Event: 11.290 GC heap after
Heap after GC invocations=7 (full 0):
 PSYoungGen      total 146432K, used 17394K [0x00000000eaa80000, 0x00000000f4c80000, 0x0000000100000000)
  eden space 129024K, 0% used [0x00000000eaa80000,0x00000000eaa80000,0x00000000f2880000)
  from space 17408K, 99% used [0x00000000f2880000,0x00000000f397cb08,0x00000000f3980000)
  to   space 15360K, 0% used [0x00000000f3980000,0x00000000f3980000,0x00000000f4880000)
 ParOldGen       total 42496K, used 40608K [0x00000000c0000000, 0x00000000c2980000, 0x00000000eaa80000)
  object space 42496K, 95% used [0x00000000c0000000,0x00000000c27a83d0,0x00000000c2980000)
 PSPermGen       total 21504K, used 6138K [0x00000000bae00000, 0x00000000bc300000, 0x00000000c0000000)
  object space 21504K, 28% used [0x00000000bae00000,0x00000000bb3feae8,0x00000000bc300000)
}
Event: 11.290 GC heap before
{Heap before GC invocations=8 (full 1):
 PSYoungGen      total 146432K, used 17394K [0x00000000eaa80000, 0x00000000f4c80000, 0x0000000100000000)
  eden space 129024K, 0% used [0x00000000eaa80000,0x00000000eaa80000,0x00000000f2880000)
  from space 17408K, 99% used [0x00000000f2880000,0x00000000f397cb08,0x00000000f3980000)
  to   space 15360K, 0% used [0x00000000f3980000,0x00000000f3980000,0x00000000f4880000)
 ParOldGen       total 42496K, used 40608K [0x00000000c0000000, 0x00000000c2980000, 0x00000000eaa80000)
  object space 42496K, 95% used [0x00000000c0000000,0x00000000c27a83d0,0x00000000c2980000)
 PSPermGen       total 21504K, used 6138K [0x00000000bae00000, 0x00000000bc300000, 0x00000000c0000000)
  object space 21504K, 28% used [0x00000000bae00000,0x00000000bb3feae8,0x00000000bc300000)
Event: 12.541 GC heap after
Heap after GC invocations=8 (full 1):
 PSYoungGen      total 146432K, used 12165K [0x00000000eaa80000, 0x00000000f4c80000, 0x0000000100000000)
  eden space 129024K, 0% used [0x00000000eaa80000,0x00000000eaa80000,0x00000000f2880000)
  from space 17408K, 69% used [0x00000000f2880000,0x00000000f34615f8,0x00000000f3980000)
  to   space 15360K, 0% used [0x00000000f3980000,0x00000000f3980000,0x00000000f4880000)
 ParOldGen       total 42496K, used 42218K [0x00000000c0000000, 0x00000000c2980000, 0x00000000eaa80000)
  object space 42496K, 99% used [0x00000000c0000000,0x00000000c293a838,0x00000000c2980000)
 PSPermGen       total 21504K, used 6132K [0x00000000bae00000, 0x00000000bc300000, 0x00000000c0000000)
  object space 21504K, 28% used [0x00000000bae00000,0x00000000bb3fd028,0x00000000bc300000)
}
Event: 13.540 GC heap before
{Heap before GC invocations=9 (full 2):
 PSYoungGen      total 146432K, used 141189K [0x00000000eaa80000, 0x00000000f4c80000, 0x0000000100000000)
  eden space 129024K, 100% used [0x00000000eaa80000,0x00000000f2880000,0x00000000f2880000)
  from space 17408K, 69% used [0x00000000f2880000,0x00000000f34615f8,0x00000000f3980000)
  to   space 15360K, 0% used [0x00000000f3980000,0x00000000f3980000,0x00000000f4880000)
 ParOldGen       total 42496K, used 42218K [0x00000000c0000000, 0x00000000c2980000, 0x00000000eaa80000)
  object space 42496K, 99% used [0x00000000c0000000,0x00000000c293a838,0x00000000c2980000)
 PSPermGen       total 21504K, used 6155K [0x00000000bae00000, 0x00000000bc300000, 0x00000000c0000000)
  object space 21504K, 28% used [0x00000000bae00000,0x00000000bb402e88,0x00000000bc300000)
Event: 14.767 GC heap after
Heap after GC invocations=9 (full 2):
 PSYoungGen      total 146432K, used 28092K [0x00000000eaa80000, 0x00000000f4c80000, 0x0000000100000000)
  eden space 129024K, 21% used [0x00000000eaa80000,0x00000000ec5ef110,0x00000000f2880000)
  from space 17408K, 0% used [0x00000000f2880000,0x00000000f2880000,0x00000000f3980000)
  to   space 15360K, 0% used [0x00000000f3980000,0x00000000f3980000,0x00000000f4880000)
 ParOldGen       total 42496K, used 42449K [0x00000000c0000000, 0x00000000c2980000, 0x00000000eaa80000)
  object space 42496K, 99% used [0x00000000c0000000,0x00000000c29747f0,0x00000000c2980000)
 PSPermGen       total 21504K, used 6155K [0x00000000bae00000, 0x00000000bc300000, 0x00000000c0000000)
  object space 21504K, 28% used [0x00000000bae00000,0x00000000bb402d48,0x00000000bc300000)
}

Deoptimization events (10 events):
Event: 10.726 Thread 0x000000000a9f9000 Uncommon trap: reason=bimorphic action=maybe_recompile pc=0x00000000033b3148 method=com.android.dx.cf.code.BytecodeArray.parseInstruction(ILcom/android/dx/cf/code/BytecodeArray$Visitor;)I @ 971
Event: 10.726 Thread 0x000000000a9f9000 Uncommon trap: reason=bimorphic action=maybe_recompile pc=0x00000000033b3148 method=com.android.dx.cf.code.BytecodeArray.parseInstruction(ILcom/android/dx/cf/code/BytecodeArray$Visitor;)I @ 971
Event: 12.648 Thread 0x000000000a91e800 Uncommon trap: reason=bimorphic action=maybe_recompile pc=0x00000000033d80d8 method=com.android.dx.cf.code.BytecodeArray.parseInstruction(ILcom/android/dx/cf/code/BytecodeArray$Visitor;)I @ 1035
Event: 12.648 Thread 0x000000000a91e800 Uncommon trap: reason=bimorphic action=maybe_recompile pc=0x00000000033d7f70 method=com.android.dx.cf.code.BytecodeArray.parseInstruction(ILcom/android/dx/cf/code/BytecodeArray$Visitor;)I @ 987
Event: 12.648 Thread 0x000000000a91e800 Uncommon trap: reason=bimorphic action=maybe_recompile pc=0x00000000033d8150 method=com.android.dx.cf.code.BytecodeArray.parseInstruction(ILcom/android/dx/cf/code/BytecodeArray$Visitor;)I @ 1051
Event: 12.649 Thread 0x000000000a91e800 Uncommon trap: reason=bimorphic action=maybe_recompile pc=0x00000000033d80d8 method=com.android.dx.cf.code.BytecodeArray.parseInstruction(ILcom/android/dx/cf/code/BytecodeArray$Visitor;)I @ 1035
Event: 12.811 Thread 0x0000000002ff3000 Uncommon trap: reason=unreached action=reinterpret pc=0x0000000003386238 method=com.android.dx.cf.direct.StdAttributeFactory.parse0(Lcom/android/dx/cf/direct/DirectClassFile;ILjava/lang/String;IILcom/android/dx/cf/iface/ParseObserver;)Lcom/android/dx/cf/if=‚Dµú*@
Event: 13.014 Thread 0x000000000a9f9000 Uncommon trap: reason=unreached action=reinterpret pc=0x00000000033e7918 method=com.android.dx.cf.code.BytecodeArray.parseInstruction(ILcom/android/dx/cf/code/BytecodeArray$Visitor;)I @ 1261
Event: 14.812 Thread 0x000000000a9f9800 Uncommon trap: reason=class_check action=maybe_recompile pc=0x000000000327fe60 method=com.android.dx.ssa.SCCP.replaceConstants()V @ 127
Event: 14.824 Thread 0x000000000a9f9800 Uncommon trap: reason=class_check action=maybe_recompile pc=0x000000000327fe60 method=com.android.dx.ssa.SCCP.replaceConstants()V @ 127

Internal exceptions (10 events):
Event: 6.599 Thread 0x0000000002ff3000 Threw 0x00000000eaad5d58 at C:\re\jdk7u71\1605\hotspot\src\share\vm\prims\jvm.cpp:1281
Event: 6.889 Thread 0x000000000a9f9800 Threw 0x00000000ebf04f68 at C:\re\jdk7u71\1605\hotspot\src\share\vm\prims\jvm.cpp:1281
Event: 7.163 Thread 0x000000000a9f9800 Threw 0x00000000ec6f5df0 at C:\re\jdk7u71\1605\hotspot\src\share\vm\prims\jvm.cpp:1281
Event: 9.558 Thread 0x0000000002ff3000 Threw 0x00000000ecd000a0 at C:\re\jdk7u71\1605\hotspot\src\share\vm\prims\jvm.cpp:1281
Event: 9.697 Thread 0x000000000a9f9000 Implicit null exception at 0x0000000003300854 to 0x00000000033009d9
Event: 9.697 Thread 0x000000000a9f9000 Implicit null exception at 0x00000000032942c0 to 0x0000000003294431
Event: 9.735 Thread 0x000000000aab1800 Implicit null exception at 0x00000000032429d9 to 0x0000000003242ae9
Event: 14.827 Thread 0x0000000002ff3000 Threw 0x00000000ec717188 at C:\re\jdk7u71\1605\hotspot\src\share\vm\prims\jvm.cpp:1281
Event: 14.905 Thread 0x000000000a9f5800 Threw 0x00000000ed10e080 at C:\re\jdk7u71\1605\hotspot\src\share\vm\prims\jvm.cpp:1281
Event: 15.093 Thread 0x000000000a9f5800 Threw 0x00000000ed1ddd48 at C:\re\jdk7u71\1605\hotspot\src\share\vm\prims\jvm.cpp:1281

Events (10 events):
Event: 14.901 loading class 0x00000000030755e0
Event: 14.902 loading class 0x00000000030755e0 done
Event: 14.905 loading class 0x000000000aaaf8d0
Event: 14.905 loading class 0x000000000aaaf8d0 done
Event: 14.972 Thread 0x0000000008ee0800 flushing nmethod 0x000000000321a850
Event: 14.978 Thread 0x0000000008ede800 flushing nmethod 0x0000000003287310
Event: 15.034 Thread 0x0000000008ee0800 flushing nmethod 0x00000000032d5b50
Event: 15.034 Thread 0x0000000008ee0800 flushing nmethod 0x00000000032e04d0
Event: 15.093 loading class 0x000000000aaf7e00
Event: 15.093 loading class 0x000000000aaf7e00 done


Dynamic libraries:
0x00007ff72db50000 - 0x00007ff72db83000 	C:\Program Files\Java\jdk1.7.0_71\bin\java.exe
0x00007ffc4a850000 - 0x00007ffc4aa11000 	C:\WINDOWS\SYSTEM32\ntdll.dll
0x00007ffc47dd0000 - 0x00007ffc47e7d000 	C:\WINDOWS\system32\KERNEL32.DLL
0x00007ffc47a10000 - 0x00007ffc47bf8000 	C:\WINDOWS\system32\KERNELBASE.dll
0x00007ffc49c10000 - 0x00007ffc49cb7000 	C:\WINDOWS\system32\ADVAPI32.dll
0x00007ffc49de0000 - 0x00007ffc49e7d000 	C:\WINDOWS\system32\msvcrt.dll
0x00007ffc47e80000 - 0x00007ffc47edb000 	C:\WINDOWS\system32\sechost.dll
0x00007ffc4a730000 - 0x00007ffc4a84c000 	C:\WINDOWS\system32\RPCRT4.dll
0x00007ffc47c50000 - 0x00007ffc47da6000 	C:\WINDOWS\system32\USER32.dll
0x00007ffc4a030000 - 0x00007ffc4a1b6000 	C:\WINDOWS\system32\GDI32.dll
0x00007ffc398f0000 - 0x00007ffc39b64000 	C:\WINDOWS\WinSxS\amd64_microsoft.windows.common-controls_6595b64144ccf1df_6.0.10586.494_none_a2d8b04ea53e3145\COMCTL32.dll
0x00007ffc48090000 - 0x00007ffc4830d000 	C:\WINDOWS\system32\combase.dll
0x00007ffc46f00000 - 0x00007ffc46f6a000 	C:\WINDOWS\system32\bcryptPrimitives.dll
0x00007ffc49cc0000 - 0x00007ffc49cfb000 	C:\WINDOWS\system32\IMM32.DLL
0x0000000058e40000 - 0x0000000058f12000 	C:\Program Files\Java\jdk1.7.0_71\jre\bin\msvcr100.dll
0x0000000059310000 - 0x0000000059ae3000 	C:\Program Files\Java\jdk1.7.0_71\jre\bin\server\jvm.dll
0x00007ffc4a720000 - 0x00007ffc4a728000 	C:\WINDOWS\system32\PSAPI.DLL
0x00007ffc3b5e0000 - 0x00007ffc3b5e9000 	C:\WINDOWS\SYSTEM32\WSOCK32.dll
0x00007ffc49b90000 - 0x00007ffc49bfb000 	C:\WINDOWS\system32\WS2_32.dll
0x00007ffc452c0000 - 0x00007ffc452e3000 	C:\WINDOWS\SYSTEM32\WINMM.dll
0x00007ffc45070000 - 0x00007ffc4509c000 	C:\WINDOWS\SYSTEM32\WINMMBASE.dll
0x00007ffc47c00000 - 0x00007ffc47c43000 	C:\WINDOWS\system32\cfgmgr32.dll
0x0000000059300000 - 0x000000005930f000 	C:\Program Files\Java\jdk1.7.0_71\jre\bin\verify.dll
0x00000000592d0000 - 0x00000000592f8000 	C:\Program Files\Java\jdk1.7.0_71\jre\bin\java.dll
0x00000000592b0000 - 0x00000000592c5000 	C:\Program Files\Java\jdk1.7.0_71\jre\bin\zip.dll
0x0000000059290000 - 0x00000000592a9000 	C:\Program Files\Java\jdk1.7.0_71\jre\bin\net.dll
0x00007ffc467a0000 - 0x00007ffc467fc000 	C:\WINDOWS\system32\mswsock.dll
0x0000000059270000 - 0x0000000059281000 	C:\Program Files\Java\jdk1.7.0_71\jre\bin\nio.dll

VM Arguments:
jvm_args: -Djava.awt.headless=true -Xmx1024M -Dfile.encoding=GBK -Duser.country=CN -Duser.language=zh -Duser.variant 
java_command: com.android.dx.command.Main --dex --force-jumbo --num-threads=4 --multi-dex --output C:\Users\RoMan\Documents\AndroidStudioProject\MyApplication\app\build\intermediates\transforms\dex\debug\folders\1000\10\com.android.support-support-v4-23.2.1_dfbabc279f47c94760a704203188e7c6587bb424 C:\Users\RoMan\Documents\AndroidStudioProject\MyApplication\app\build\intermediates\exploded-aar\com.android.support\support-v4\23.2.1\jars\classes.jar
Launcher Type: SUN_STANDARD

Environment Variables:
JAVA_HOME=C:\Program Files\Java\jdk1.7.0_71
CLASSPATH=.;C:\Program Files\Java\jdk1.7.0_71\lib\dt.jar;C:\Program Files\Java\jdk1.7.0_71\lib\tools.jar
PATH=C:\WINDOWS\system32;C:\WINDOWS;C:\WINDOWS\System32\Wbem;C:\WINDOWS\System32\WindowsPowerShell\v1.0\;C:\Program Files (x86)\ATI Technologies\ATI.ACE\Core-Static;C:\Program Files (x86)\Windows Kits\8.1\Windows Performance Toolkit\;C:\Program Files\Microsoft SQL Server\110\Tools\Binn\;C:\Program Files (x86)\Microsoft SDKs\TypeScript\1.0\;C:\Program Files\Microsoft SQL Server\120\Tools\Binn\;C:\Program Files (x86)\AMD\ATI.ACE\Core-Static;C:\Program Files\Java\jdk1.7.0_71\bin;C:\Program Files\Java\jdk1.7.0_71\jre\bin;D:\iPrograms\android sdk\tools;D:\iPrograms\Matlib\runtime\win64;D:\iPrograms\Matlib\bin;D:\iPrograms\Matlib\polyspace\bin;D:\iPrograms\opencv\build\x64\vc12\bin;D:\iPrograms\Python\Python 3.5.2\Scripts\;D:\iPrograms\Python\Python 3.5.2\
USERNAME=RoMan
OS=Windows_NT
PROCESSOR_IDENTIFIER=Intel64 Family 6 Model 42 Stepping 7, GenuineIntel



---------------  S Y S T E M  ---------------

OS: Windows 8.1 , 64 bit Build 9600 

CPU:total 4 (2 cores per cpu, 2 threads per core) family 6 model 42 stepping 7, cmov, cx8, fxsr, mmx, sse, sse2, sse3, ssse3, sse4.1, sse4.2, popcnt, avx, ht, tsc, tscinvbit

Memory: 4k page, physical 4103404k(33784k free), swap 8297708k(5336k free)

vm_info: Java HotSpot(TM) 64-Bit Server VM (24.71-b01) for windows-amd64 JRE (1.7.0_71-b14), built on Sep 26 2014 16:16:12 by "java_re" with unknown MS VC++:1600

time: Tue Jul 26 20:34:59 2016
elapsed time: 15 seconds

