#
# There is insufficient memory for the Java Runtime Environment to continue.
# Native memory allocation (malloc) failed to allocate 702976 bytes for Chunk::new
# Possible reasons:
#   The system is out of physical RAM or swap space
#   In 32 bit mode, the process size limit was hit
# Possible solutions:
#   Reduce memory load on the system
#   Increase physical memory or swap space
#   Check if swap backing store is full
#   Use 64 bit Java on a 64 bit OS
#   Decrease Java heap size (-Xmx/-Xms)
#   Decrease number of Java threads
#   Decrease Java thread stack sizes (-Xss)
#   Set larger code cache with -XX:ReservedCodeCacheSize=
# This output file may be truncated or incomplete.
#
#  Out of Memory Error (allocation.cpp:323), pid=315420, tid=314828
#
# JRE version: Java(TM) SE Runtime Environment (7.0_71-b14) (build 1.7.0_71-b14)
# Java VM: Java HotSpot(TM) 64-Bit Server VM (24.71-b01 mixed mode windows-amd64 compressed oops)
# Failed to write core dump. Minidumps are not enabled by default on client versions of Windows
#

---------------  T H R E A D  ---------------

Current thread (0x0000000008538800):  JavaThread "C2 CompilerThread1" daemon [_thread_in_native, id=314828, stack(0x0000000009b90000,0x0000000009c90000)]

Stack: [0x0000000009b90000,0x0000000009c90000]

Current CompileTask:
C2:   3129  168             com.android.dx.ssa.SCCP::simulatePhi (169 bytes)


---------------  P R O C E S S  ---------------

Java Threads: ( => current thread )
  0x0000000009fbc800 JavaThread "pool-2-thread-4" [_thread_in_vm, id=316216, stack(0x000000000a690000,0x000000000a790000)]
  0x0000000009fbc000 JavaThread "pool-2-thread-3" [_thread_in_native, id=315060, stack(0x000000000a590000,0x000000000a690000)]
  0x000000000a01d800 JavaThread "pool-2-thread-2" [_thread_blocked, id=315412, stack(0x000000000a490000,0x000000000a590000)]
  0x000000000a003000 JavaThread "pool-3-thread-1" [_thread_blocked, id=314524, stack(0x000000000a390000,0x000000000a490000)]
  0x0000000009f2b000 JavaThread "pool-2-thread-1" [_thread_blocked, id=315776, stack(0x000000000a290000,0x000000000a390000)]
  0x000000000853c000 JavaThread "Service Thread" daemon [_thread_blocked, id=311976, stack(0x0000000009c90000,0x0000000009d90000)]
=>0x0000000008538800 JavaThread "C2 CompilerThread1" daemon [_thread_in_native, id=314828, stack(0x0000000009b90000,0x0000000009c90000)]
  0x000000000852e800 JavaThread "C2 CompilerThread0" daemon [_thread_in_native, id=314316, stack(0x0000000009a90000,0x0000000009b90000)]
  0x000000000852d800 JavaThread "Attach Listener" daemon [_thread_blocked, id=315964, stack(0x0000000009990000,0x0000000009a90000)]
  0x000000000852a800 JavaThread "Signal Dispatcher" daemon [_thread_blocked, id=314416, stack(0x0000000009890000,0x0000000009990000)]
  0x00000000084da000 JavaThread "Finalizer" daemon [_thread_blocked, id=315588, stack(0x0000000009790000,0x0000000009890000)]
  0x00000000084d6800 JavaThread "Reference Handler" daemon [_thread_blocked, id=316048, stack(0x0000000009690000,0x0000000009790000)]
  0x0000000002583000 JavaThread "main" [_thread_blocked, id=316512, stack(0x0000000002480000,0x0000000002580000)]

Other Threads:
  0x00000000084d1800 VMThread [stack: 0x0000000009590000,0x0000000009690000] [id=315276]
  0x000000000854a000 WatcherThread [stack: 0x0000000009d90000,0x0000000009e90000] [id=315668]

VM state:not at safepoint (normal execution)

VM Mutex/Monitor currently owned by a thread:  ([mutex/lock_event])
[0x00000000025804d0] CompileTaskAlloc_lock - owner thread: 0x0000000009fbc800
[0x0000000002581a50] MethodCompileQueue_lock - owner thread: 0x0000000009fbc800

Heap
 PSYoungGen      total 18944K, used 13689K [0x00000000eaa80000, 0x00000000ebf80000, 0x0000000100000000)
  eden space 16384K, 68% used [0x00000000eaa80000,0x00000000eb562ef8,0x00000000eba80000)
  from space 2560K, 99% used [0x00000000eba80000,0x00000000ebcfb818,0x00000000ebd00000)
  to   space 2560K, 0% used [0x00000000ebd00000,0x00000000ebd00000,0x00000000ebf80000)
 ParOldGen       total 42496K, used 1948K [0x00000000c0000000, 0x00000000c2980000, 0x00000000eaa80000)
  object space 42496K, 4% used [0x00000000c0000000,0x00000000c01e72d0,0x00000000c2980000)
 PSPermGen       total 21504K, used 5787K [0x00000000bae00000, 0x00000000bc300000, 0x00000000c0000000)
  object space 21504K, 26% used [0x00000000bae00000,0x00000000bb3a6c30,0x00000000bc300000)

Card table byte_map: [0x0000000005740000,0x0000000005970000] byte_map_base: 0x0000000005169000

Polling page: 0x0000000000500000

Code Cache  [0x0000000002680000, 0x00000000028f0000, 0x0000000005680000)
 total_blobs=411 nmethods=172 adapters=191 free_code_cache=48401Kb largest_free_block=49531712

Compilation events (10 events):
Event: 2.987 Thread 0x0000000008538800 nmethod 167 0x00000000026ed390 code [0x00000000026ed4c0, 0x00000000026ed558]
Event: 2.987 Thread 0x0000000008538800  168             com.android.dx.ssa.SCCP::simulatePhi (169 bytes)
Event: 2.996 Thread 0x000000000852e800 nmethod 164 0x000000000273f6d0 code [0x000000000273f9a0, 0x0000000002740be8]
Event: 2.997 Thread 0x000000000852e800  169             com.android.dx.ssa.DeadCodeRemover$NoSideEffectVisitor::visitNonMoveInsn (28 bytes)
Event: 3.008 Thread 0x000000000852e800 nmethod 169 0x0000000002726610 code [0x0000000002726780, 0x0000000002726bd8]
Event: 3.008 Thread 0x000000000852e800  170             com.android.dx.ssa.SsaBasicBlock::getParent (5 bytes)
Event: 3.008 Thread 0x000000000852e800 nmethod 170 0x000000000271cc50 code [0x000000000271cd80, 0x000000000271cdd8]
Event: 3.008 Thread 0x000000000852e800  171             com.android.dx.rop.code.RegisterSpec::makeLocalOptional (7 bytes)
Event: 3.009 Thread 0x000000000852e800 nmethod 171 0x0000000002731810 code [0x0000000002731960, 0x00000000027319c8]
Event: 3.009 Thread 0x000000000852e800  172             com.android.dx.ssa.SsaRenamer$BlockRenamer::process (191 bytes)

GC Heap History (2 events):
Event: 2.461 GC heap before
{Heap before GC invocations=1 (full 0):
 PSYoungGen      total 18944K, used 16384K [0x00000000eaa80000, 0x00000000ebf80000, 0x0000000100000000)
  eden space 16384K, 100% used [0x00000000eaa80000,0x00000000eba80000,0x00000000eba80000)
  from space 2560K, 0% used [0x00000000ebd00000,0x00000000ebd00000,0x00000000ebf80000)
  to   space 2560K, 0% used [0x00000000eba80000,0x00000000eba80000,0x00000000ebd00000)
 ParOldGen       total 42496K, used 0K [0x00000000c0000000, 0x00000000c2980000, 0x00000000eaa80000)
  object space 42496K, 0% used [0x00000000c0000000,0x00000000c0000000,0x00000000c2980000)
 PSPermGen       total 21504K, used 5691K [0x00000000bae00000, 0x00000000bc300000, 0x00000000c0000000)
  object space 21504K, 26% used [0x00000000bae00000,0x00000000bb38ed00,0x00000000bc300000)
Event: 2.502 GC heap after
Heap after GC invocations=1 (full 0):
 PSYoungGen      total 18944K, used 2542K [0x00000000eaa80000, 0x00000000ebf80000, 0x0000000100000000)
  eden space 16384K, 0% used [0x00000000eaa80000,0x00000000eaa80000,0x00000000eba80000)
  from space 2560K, 99% used [0x00000000eba80000,0x00000000ebcfb818,0x00000000ebd00000)
  to   space 2560K, 0% used [0x00000000ebd00000,0x00000000ebd00000,0x00000000ebf80000)
 ParOldGen       total 42496K, used 1948K [0x00000000c0000000, 0x00000000c2980000, 0x00000000eaa80000)
  object space 42496K, 4% used [0x00000000c0000000,0x00000000c01e72d0,0x00000000c2980000)
 PSPermGen       total 21504K, used 5691K [0x00000000bae00000, 0x00000000bc300000, 0x00000000c0000000)
  object space 21504K, 26% used [0x00000000bae00000,0x00000000bb38ed00,0x00000000bc300000)
}

Deoptimization events (8 events):
Event: 1.817 Thread 0x0000000009fbc000 Uncommon trap: reason=null_check action=make_not_entrant pc=0x00000000026f8cf8 method=com.android.dx.rop.code.LocalItem.equals(Ljava/lang/Object;)Z @ 1
Event: 2.513 Thread 0x0000000009fbc000 Uncommon trap: reason=class_check action=maybe_recompile pc=0x000000000270e47c method=com.android.dx.ssa.NormalSsaInsn.accept(Lcom/android/dx/ssa/SsaInsn$Visitor;)V @ 9
Event: 2.514 Thread 0x0000000009fbc000 Uncommon trap: reason=class_check action=maybe_recompile pc=0x000000000270e47c method=com.android.dx.ssa.NormalSsaInsn.accept(Lcom/android/dx/ssa/SsaInsn$Visitor;)V @ 9
Event: 2.514 Thread 0x0000000009fbc000 Uncommon trap: reason=class_check action=maybe_recompile pc=0x000000000270e47c method=com.android.dx.ssa.NormalSsaInsn.accept(Lcom/android/dx/ssa/SsaInsn$Visitor;)V @ 9
Event: 2.522 Thread 0x000000000a01d800 Uncommon trap: reason=class_check action=maybe_recompile pc=0x000000000270e47c method=com.android.dx.ssa.NormalSsaInsn.accept(Lcom/android/dx/ssa/SsaInsn$Visitor;)V @ 9
Event: 2.522 Thread 0x000000000a01d800 Uncommon trap: reason=class_check action=maybe_recompile pc=0x00000000026f7918 method=com.android.dx.ssa.NormalSsaInsn.accept(Lcom/android/dx/ssa/SsaInsn$Visitor;)V @ 9
Event: 3.003 Thread 0x0000000002583000 Uncommon trap: reason=null_check action=make_not_entrant pc=0x000000000273cbb4 method=com.android.dx.rop.code.RegisterSpec.equals(Ljava/lang/Object;)Z @ 1
Event: 3.064 Thread 0x0000000002583000 Uncommon trap: reason=null_check action=make_not_entrant pc=0x0000000002722058 method=com.android.dx.ssa.SsaRenamer.getLocalForNewReg(I)Lcom/android/dx/rop/code/LocalItem; @ 19

Internal exceptions (10 events):
Event: 1.492 Thread 0x0000000002583000 Threw 0x00000000eb17b6c8 at C:\re\jdk7u71\1605\hotspot\src\share\vm\prims\jvm.cpp:1281
Event: 1.494 Thread 0x0000000002583000 Threw 0x00000000eb181ce0 at C:\re\jdk7u71\1605\hotspot\src\share\vm\prims\jvm.cpp:1281
Event: 1.569 Thread 0x0000000002583000 Threw 0x00000000eb18f190 at C:\re\jdk7u71\1605\hotspot\src\share\vm\prims\jvm.cpp:1281
Event: 1.574 Thread 0x0000000009f2b000 Threw 0x00000000eb3421d0 at C:\re\jdk7u71\1605\hotspot\src\share\vm\prims\jvm.cpp:1281
Event: 1.600 Thread 0x0000000009f2b000 Threw 0x00000000eb377b90 at C:\re\jdk7u71\1605\hotspot\src\share\vm\prims\jvm.cpp:1281
Event: 1.606 Thread 0x0000000009f2b000 Threw 0x00000000eb3826f8 at C:\re\jdk7u71\1605\hotspot\src\share\vm\prims\jvm.cpp:1281
Event: 1.617 Thread 0x000000000a01d800 Threw 0x00000000eb3ca8e0 at C:\re\jdk7u71\1605\hotspot\src\share\vm\prims\jvm.cpp:1281
Event: 1.817 Thread 0x0000000009fbc000 Implicit null exception at 0x00000000026f8999 to 0x00000000026f8ce5
Event: 3.003 Thread 0x0000000002583000 Implicit null exception at 0x000000000273bc4f to 0x000000000273cb89
Event: 3.064 Thread 0x0000000002583000 Implicit null exception at 0x00000000027208d6 to 0x000000000272202d

Events (10 events):
Event: 2.897 loading class 0x00000000026055b0 done
Event: 2.898 loading class 0x0000000002605580
Event: 2.898 loading class 0x0000000002605580 done
Event: 2.898 Executing VM operation: Deoptimize
Event: 2.898 Executing VM operation: Deoptimize done
Event: 3.003 Thread 0x0000000002583000 Uncommon trap: trap_request=0xfffffff4 fr.pc=0x000000000273cbb4
Event: 3.003 Thread 0x0000000002583000 DEOPT PACKING pc=0x000000000273cbb4 sp=0x000000000257e8f0
Event: 3.003 Thread 0x0000000002583000 DEOPT UNPACKING pc=0x00000000026b75a4 sp=0x000000000257e818 mode 2
Event: 3.064 Thread 0x0000000002583000 Uncommon trap: trap_request=0xfffffff4 fr.pc=0x0000000002722058
Event: 3.064 Thread 0x0000000002583000 DEOPT PACKING pc=0x0000000002722058 sp=0x000000000257e7b0


Dynamic libraries:
0x00007ff72db50000 - 0x00007ff72db83000 	C:\Program Files\Java\jdk1.7.0_71\bin\java.exe
0x00007ffc4a850000 - 0x00007ffc4aa11000 	C:\WINDOWS\SYSTEM32\ntdll.dll
0x00007ffc47dd0000 - 0x00007ffc47e7d000 	C:\WINDOWS\system32\KERNEL32.DLL
0x00007ffc47a10000 - 0x00007ffc47bf8000 	C:\WINDOWS\system32\KERNELBASE.dll
0x00007ffc49c10000 - 0x00007ffc49cb7000 	C:\WINDOWS\system32\ADVAPI32.dll
0x00007ffc49de0000 - 0x00007ffc49e7d000 	C:\WINDOWS\system32\msvcrt.dll
0x00007ffc47e80000 - 0x00007ffc47edb000 	C:\WINDOWS\system32\sechost.dll
0x00007ffc4a730000 - 0x00007ffc4a84c000 	C:\WINDOWS\system32\RPCRT4.dll
0x00007ffc47c50000 - 0x00007ffc47da6000 	C:\WINDOWS\system32\USER32.dll
0x00007ffc4a030000 - 0x00007ffc4a1b6000 	C:\WINDOWS\system32\GDI32.dll
0x00007ffc398f0000 - 0x00007ffc39b64000 	C:\WINDOWS\WinSxS\amd64_microsoft.windows.common-controls_6595b64144ccf1df_6.0.10586.494_none_a2d8b04ea53e3145\COMCTL32.dll
0x00007ffc48090000 - 0x00007ffc4830d000 	C:\WINDOWS\system32\combase.dll
0x00007ffc46f00000 - 0x00007ffc46f6a000 	C:\WINDOWS\system32\bcryptPrimitives.dll
0x00007ffc49cc0000 - 0x00007ffc49cfb000 	C:\WINDOWS\system32\IMM32.DLL
0x0000000058e40000 - 0x0000000058f12000 	C:\Program Files\Java\jdk1.7.0_71\jre\bin\msvcr100.dll
0x0000000059310000 - 0x0000000059ae3000 	C:\Program Files\Java\jdk1.7.0_71\jre\bin\server\jvm.dll
0x00007ffc4a720000 - 0x00007ffc4a728000 	C:\WINDOWS\system32\PSAPI.DLL
0x00007ffc3b5e0000 - 0x00007ffc3b5e9000 	C:\WINDOWS\SYSTEM32\WSOCK32.dll
0x00007ffc452c0000 - 0x00007ffc452e3000 	C:\WINDOWS\SYSTEM32\WINMM.dll
0x00007ffc49b90000 - 0x00007ffc49bfb000 	C:\WINDOWS\system32\WS2_32.dll
0x00007ffc45070000 - 0x00007ffc4509c000 	C:\WINDOWS\SYSTEM32\WINMMBASE.dll
0x00007ffc47c00000 - 0x00007ffc47c43000 	C:\WINDOWS\system32\cfgmgr32.dll
0x0000000059300000 - 0x000000005930f000 	C:\Program Files\Java\jdk1.7.0_71\jre\bin\verify.dll
0x00000000592d0000 - 0x00000000592f8000 	C:\Program Files\Java\jdk1.7.0_71\jre\bin\java.dll
0x00000000592b0000 - 0x00000000592c5000 	C:\Program Files\Java\jdk1.7.0_71\jre\bin\zip.dll
0x0000000059290000 - 0x00000000592a9000 	C:\Program Files\Java\jdk1.7.0_71\jre\bin\net.dll
0x00007ffc467a0000 - 0x00007ffc467fc000 	C:\WINDOWS\system32\mswsock.dll
0x0000000059270000 - 0x0000000059281000 	C:\Program Files\Java\jdk1.7.0_71\jre\bin\nio.dll

VM Arguments:
jvm_args: -Djava.awt.headless=true -Xmx1024M -Dfile.encoding=GBK -Duser.country=CN -Duser.language=zh -Duser.variant 
java_command: com.android.dx.command.Main --dex --force-jumbo --num-threads=4 --multi-dex --output C:\Users\RoMan\Documents\AndroidStudioProject\MyApplication\app\build\intermediates\transforms\dex\debug\folders\1000\10\instant-run_522d01c6999c7151561656ee775d2d0549072b94 C:\Users\RoMan\Documents\AndroidStudioProject\MyApplication\app\build\intermediates\incremental-runtime-classes\debug\instant-run.jar
Launcher Type: SUN_STANDARD

Environment Variables:
JAVA_HOME=C:\Program Files\Java\jdk1.7.0_71
CLASSPATH=.;C:\Program Files\Java\jdk1.7.0_71\lib\dt.jar;C:\Program Files\Java\jdk1.7.0_71\lib\tools.jar
PATH=C:\WINDOWS\system32;C:\WINDOWS;C:\WINDOWS\System32\Wbem;C:\WINDOWS\System32\WindowsPowerShell\v1.0\;C:\Program Files (x86)\ATI Technologies\ATI.ACE\Core-Static;C:\Program Files (x86)\Windows Kits\8.1\Windows Performance Toolkit\;C:\Program Files\Microsoft SQL Server\110\Tools\Binn\;C:\Program Files (x86)\Microsoft SDKs\TypeScript\1.0\;C:\Program Files\Microsoft SQL Server\120\Tools\Binn\;C:\Program Files (x86)\AMD\ATI.ACE\Core-Static;C:\Program Files\Java\jdk1.7.0_71\bin;C:\Program Files\Java\jdk1.7.0_71\jre\bin;D:\iPrograms\android sdk\tools;D:\iPrograms\Matlib\runtime\win64;D:\iPrograms\Matlib\bin;D:\iPrograms\Matlib\polyspace\bin;D:\iPrograms\opencv\build\x64\vc12\bin;D:\iPrograms\Python\Python 3.5.2\Scripts\;D:\iPrograms\Python\Python 3.5.2\
USERNAME=RoMan
OS=Windows_NT
PROCESSOR_IDENTIFIER=Intel64 Family 6 Model 42 Stepping 7, GenuineIntel



---------------  S Y S T E M  ---------------

OS: Windows 8.1 , 64 bit Build 9600 

CPU:total 4 (2 cores per cpu, 2 threads per core) family 6 model 42 stepping 7, cmov, cx8, fxsr, mmx, sse, sse2, sse3, ssse3, sse4.1, sse4.2, popcnt, avx, ht, tsc, tscinvbit

Memory: 4k page, physical 4103404k(15896k free), swap 8297708k(5316k free)

vm_info: Java HotSpot(TM) 64-Bit Server VM (24.71-b01) for windows-amd64 JRE (1.7.0_71-b14), built on Sep 26 2014 16:16:12 by "java_re" with unknown MS VC++:1600

time: Tue Jul 26 20:45:21 2016
elapsed time: 3 seconds

