#
# There is insufficient memory for the Java Runtime Environment to continue.
# Native memory allocation (malloc) failed to allocate 196176 bytes for Chunk::new
# Possible reasons:
#   The system is out of physical RAM or swap space
#   In 32 bit mode, the process size limit was hit
# Possible solutions:
#   Reduce memory load on the system
#   Increase physical memory or swap space
#   Check if swap backing store is full
#   Use 64 bit Java on a 64 bit OS
#   Decrease Java heap size (-Xmx/-Xms)
#   Decrease number of Java threads
#   Decrease Java thread stack sizes (-Xss)
#   Set larger code cache with -XX:ReservedCodeCacheSize=
# This output file may be truncated or incomplete.
#
#  Out of Memory Error (allocation.cpp:323), pid=317360, tid=316592
#
# JRE version: Java(TM) SE Runtime Environment (7.0_71-b14) (build 1.7.0_71-b14)
# Java VM: Java HotSpot(TM) 64-Bit Server VM (24.71-b01 mixed mode windows-amd64 compressed oops)
# Failed to write core dump. Minidumps are not enabled by default on client versions of Windows
#

---------------  T H R E A D  ---------------

Current thread (0x000000000901e800):  JavaThread "C2 CompilerThread0" daemon [_thread_in_native, id=316592, stack(0x000000000a590000,0x000000000a690000)]

Stack: [0x000000000a590000,0x000000000a690000]

Current CompileTask:
C2:   1634   77             com.android.dx.rop.code.RopMethod::calcPredecessors (227 bytes)


---------------  P R O C E S S  ---------------

Java Threads: ( => current thread )
  0x000000000aa59000 JavaThread "pool-2-thread-4" [_thread_in_Java, id=314612, stack(0x000000000b190000,0x000000000b290000)]
  0x000000000aa54800 JavaThread "pool-2-thread-3" [_thread_in_Java, id=315664, stack(0x000000000b090000,0x000000000b190000)]
  0x000000000aad4800 JavaThread "pool-2-thread-2" [_thread_in_Java, id=316380, stack(0x000000000af90000,0x000000000b090000)]
  0x000000000aad3800 JavaThread "pool-3-thread-1" [_thread_blocked, id=275656, stack(0x000000000ae90000,0x000000000af90000)]
  0x000000000aa7b800 JavaThread "pool-2-thread-1" [_thread_in_Java, id=315840, stack(0x000000000ad90000,0x000000000ae90000)]
  0x000000000902f800 JavaThread "Service Thread" daemon [_thread_blocked, id=307308, stack(0x000000000a790000,0x000000000a890000)]
  0x000000000902c800 JavaThread "C2 CompilerThread1" daemon [_thread_blocked, id=317224, stack(0x000000000a690000,0x000000000a790000)]
=>0x000000000901e800 JavaThread "C2 CompilerThread0" daemon [_thread_in_native, id=316592, stack(0x000000000a590000,0x000000000a690000)]
  0x000000000901d800 JavaThread "Attach Listener" daemon [_thread_blocked, id=316804, stack(0x000000000a490000,0x000000000a590000)]
  0x000000000901a800 JavaThread "Signal Dispatcher" daemon [_thread_blocked, id=316664, stack(0x000000000a390000,0x000000000a490000)]
  0x0000000008fcb800 JavaThread "Finalizer" daemon [_thread_blocked, id=315768, stack(0x000000000a290000,0x000000000a390000)]
  0x0000000008fc8000 JavaThread "Reference Handler" daemon [_thread_blocked, id=313584, stack(0x000000000a190000,0x000000000a290000)]
  0x0000000003051000 JavaThread "main" [_thread_in_Java, id=315820, stack(0x0000000002bd0000,0x0000000002cd0000)]

Other Threads:
  0x0000000008fc1800 VMThread [stack: 0x000000000a090000,0x000000000a190000] [id=312112]
  0x000000000903d800 WatcherThread [stack: 0x000000000a890000,0x000000000a990000] [id=315444]

VM state:not at safepoint (normal execution)

VM Mutex/Monitor currently owned by a thread: None

Heap
 PSYoungGen      total 18944K, used 12824K [0x00000000eaa80000, 0x00000000ebf80000, 0x0000000100000000)
  eden space 16384K, 78% used [0x00000000eaa80000,0x00000000eb706288,0x00000000eba80000)
  from space 2560K, 0% used [0x00000000ebd00000,0x00000000ebd00000,0x00000000ebf80000)
  to   space 2560K, 0% used [0x00000000eba80000,0x00000000eba80000,0x00000000ebd00000)
 ParOldGen       total 42496K, used 0K [0x00000000c0000000, 0x00000000c2980000, 0x00000000eaa80000)
  object space 42496K, 0% used [0x00000000c0000000,0x00000000c0000000,0x00000000c2980000)
 PSPermGen       total 21504K, used 5510K [0x00000000bae00000, 0x00000000bc300000, 0x00000000c0000000)
  object space 21504K, 25% used [0x00000000bae00000,0x00000000bb361b98,0x00000000bc300000)

Card table byte_map: [0x0000000006210000,0x0000000006440000] byte_map_base: 0x0000000005c39000

Polling page: 0x0000000001080000

Code Cache  [0x0000000003150000, 0x00000000033c0000, 0x0000000006150000)
 total_blobs=312 nmethods=76 adapters=188 free_code_cache=48652Kb largest_free_block=49791104

Compilation events (10 events):
Event: 1.606 Thread 0x000000000902c800   73   !         com.android.dx.util.FixedSizeList::set0 (22 bytes)
Event: 1.607 Thread 0x000000000902c800 nmethod 73 0x00000000031cb3d0 code [0x00000000031cb520, 0x00000000031cb618]
Event: 1.613 Thread 0x000000000902c800   74             com.android.dx.rop.code.RegisterSpecSet::mutableCopy (57 bytes)
Event: 1.618 Thread 0x000000000901e800 nmethod 68 0x00000000031d06d0 code [0x00000000031d08c0, 0x00000000031d1628]
Event: 1.619 Thread 0x000000000902c800 nmethod 74 0x00000000031cae50 code [0x00000000031cafa0, 0x00000000031cb258]
Event: 1.623 Thread 0x000000000902c800   76             java.util.ArrayList$Itr::<init> (26 bytes)
Event: 1.623 Thread 0x000000000901e800   75             java.util.ArrayList$Itr::<init> (6 bytes)
Event: 1.624 Thread 0x000000000901e800 nmethod 75 0x00000000031c8150 code [0x00000000031c8280, 0x00000000031c82f8]
Event: 1.624 Thread 0x000000000902c800 nmethod 76 0x00000000031cd810 code [0x00000000031cd940, 0x00000000031cd9b8]
Event: 1.627 Thread 0x000000000901e800   77             com.android.dx.rop.code.RopMethod::calcPredecessors (227 bytes)

GC Heap History (0 events):
No events

Deoptimization events (0 events):
No events

Internal exceptions (10 events):
Event: 1.333 Thread 0x000000000aa54800 Threw 0x00000000eaf32f80 at C:\re\jdk7u71\1605\hotspot\src\share\vm\prims\jvm.cpp:1281
Event: 1.334 Thread 0x000000000aa54800 Threw 0x00000000eaf38588 at C:\re\jdk7u71\1605\hotspot\src\share\vm\prims\jvm.cpp:1281
Event: 1.335 Thread 0x000000000aa54800 Threw 0x00000000eaf40bf8 at C:\re\jdk7u71\1605\hotspot\src\share\vm\prims\jvm.cpp:1281
Event: 1.336 Thread 0x000000000aa54800 Threw 0x00000000eaf45ec8 at C:\re\jdk7u71\1605\hotspot\src\share\vm\prims\jvm.cpp:1281
Event: 1.337 Thread 0x000000000aa54800 Threw 0x00000000eaf48a88 at C:\re\jdk7u71\1605\hotspot\src\share\vm\prims\jvm.cpp:1281
Event: 1.338 Thread 0x000000000aa54800 Threw 0x00000000eaf4b5b8 at C:\re\jdk7u71\1605\hotspot\src\share\vm\prims\jvm.cpp:1281
Event: 1.348 Thread 0x000000000aad4800 Threw 0x00000000eb1d4680 at C:\re\jdk7u71\1605\hotspot\src\share\vm\prims\jvm.cpp:1281
Event: 1.359 Thread 0x000000000aa7b800 Threw 0x00000000eb2e47c0 at C:\re\jdk7u71\1605\hotspot\src\share\vm\prims\jvm.cpp:1281
Event: 1.367 Thread 0x000000000aad4800 Threw 0x00000000eb1eb430 at C:\re\jdk7u71\1605\hotspot\src\share\vm\prims\jvm.cpp:1281
Event: 1.572 Thread 0x0000000003051000 Threw 0x00000000eb5e9c68 at C:\re\jdk7u71\1605\hotspot\src\share\vm\prims\jvm.cpp:1281

Events (10 events):
Event: 1.361 loading class 0x00000000030ca6b0
Event: 1.361 loading class 0x00000000030ca6b0 done
Event: 1.366 loading class 0x000000000abd14a0
Event: 1.366 loading class 0x000000000abd14a0 done
Event: 1.374 loading class 0x00000000030ceae0
Event: 1.374 loading class 0x00000000030ceae0 done
Event: 1.572 loading class 0x000000000aa77a00
Event: 1.572 loading class 0x000000000aa77a00 done
Event: 1.623 loading class 0x00000000030c60b0
Event: 1.623 loading class 0x00000000030c60b0 done


Dynamic libraries:
0x00007ff72db50000 - 0x00007ff72db83000 	C:\Program Files\Java\jdk1.7.0_71\bin\java.exe
0x00007ffc4a850000 - 0x00007ffc4aa11000 	C:\WINDOWS\SYSTEM32\ntdll.dll
0x00007ffc47dd0000 - 0x00007ffc47e7d000 	C:\WINDOWS\system32\KERNEL32.DLL
0x00007ffc47a10000 - 0x00007ffc47bf8000 	C:\WINDOWS\system32\KERNELBASE.dll
0x00007ffc49c10000 - 0x00007ffc49cb7000 	C:\WINDOWS\system32\ADVAPI32.dll
0x00007ffc49de0000 - 0x00007ffc49e7d000 	C:\WINDOWS\system32\msvcrt.dll
0x00007ffc47e80000 - 0x00007ffc47edb000 	C:\WINDOWS\system32\sechost.dll
0x00007ffc4a730000 - 0x00007ffc4a84c000 	C:\WINDOWS\system32\RPCRT4.dll
0x00007ffc47c50000 - 0x00007ffc47da6000 	C:\WINDOWS\system32\USER32.dll
0x00007ffc4a030000 - 0x00007ffc4a1b6000 	C:\WINDOWS\system32\GDI32.dll
0x00007ffc398f0000 - 0x00007ffc39b64000 	C:\WINDOWS\WinSxS\amd64_microsoft.windows.common-controls_6595b64144ccf1df_6.0.10586.494_none_a2d8b04ea53e3145\COMCTL32.dll
0x00007ffc48090000 - 0x00007ffc4830d000 	C:\WINDOWS\system32\combase.dll
0x00007ffc46f00000 - 0x00007ffc46f6a000 	C:\WINDOWS\system32\bcryptPrimitives.dll
0x00007ffc49cc0000 - 0x00007ffc49cfb000 	C:\WINDOWS\system32\IMM32.DLL
0x0000000058e40000 - 0x0000000058f12000 	C:\Program Files\Java\jdk1.7.0_71\jre\bin\msvcr100.dll
0x0000000059310000 - 0x0000000059ae3000 	C:\Program Files\Java\jdk1.7.0_71\jre\bin\server\jvm.dll
0x00007ffc4a720000 - 0x00007ffc4a728000 	C:\WINDOWS\system32\PSAPI.DLL
0x00007ffc3b5e0000 - 0x00007ffc3b5e9000 	C:\WINDOWS\SYSTEM32\WSOCK32.dll
0x00007ffc49b90000 - 0x00007ffc49bfb000 	C:\WINDOWS\system32\WS2_32.dll
0x00007ffc452c0000 - 0x00007ffc452e3000 	C:\WINDOWS\SYSTEM32\WINMM.dll
0x00007ffc45070000 - 0x00007ffc4509c000 	C:\WINDOWS\SYSTEM32\WINMMBASE.dll
0x00007ffc47c00000 - 0x00007ffc47c43000 	C:\WINDOWS\system32\cfgmgr32.dll
0x0000000059300000 - 0x000000005930f000 	C:\Program Files\Java\jdk1.7.0_71\jre\bin\verify.dll
0x00000000592d0000 - 0x00000000592f8000 	C:\Program Files\Java\jdk1.7.0_71\jre\bin\java.dll
0x00000000592b0000 - 0x00000000592c5000 	C:\Program Files\Java\jdk1.7.0_71\jre\bin\zip.dll
0x0000000059290000 - 0x00000000592a9000 	C:\Program Files\Java\jdk1.7.0_71\jre\bin\net.dll
0x00007ffc467a0000 - 0x00007ffc467fc000 	C:\WINDOWS\system32\mswsock.dll
0x0000000059270000 - 0x0000000059281000 	C:\Program Files\Java\jdk1.7.0_71\jre\bin\nio.dll

VM Arguments:
jvm_args: -Djava.awt.headless=true -Xmx1024M -Dfile.encoding=GBK -Duser.country=CN -Duser.language=zh -Duser.variant 
java_command: com.android.dx.command.Main --dex --force-jumbo --num-threads=4 --multi-dex --output C:\Users\RoMan\Documents\AndroidStudioProject\MyApplication\app\build\intermediates\transforms\dex\debug\folders\1000\2\ApiStoreSDK1.0.4_9f508cce8fd2eadf55a69744ce7c863d67e2de4b C:\Users\RoMan\Documents\AndroidStudioProject\MyApplication\app\libs\ApiStoreSDK1.0.4.jar
Launcher Type: SUN_STANDARD

Environment Variables:
JAVA_HOME=C:\Program Files\Java\jdk1.7.0_71
CLASSPATH=.;C:\Program Files\Java\jdk1.7.0_71\lib\dt.jar;C:\Program Files\Java\jdk1.7.0_71\lib\tools.jar
PATH=C:\WINDOWS\system32;C:\WINDOWS;C:\WINDOWS\System32\Wbem;C:\WINDOWS\System32\WindowsPowerShell\v1.0\;C:\Program Files (x86)\ATI Technologies\ATI.ACE\Core-Static;C:\Program Files (x86)\Windows Kits\8.1\Windows Performance Toolkit\;C:\Program Files\Microsoft SQL Server\110\Tools\Binn\;C:\Program Files (x86)\Microsoft SDKs\TypeScript\1.0\;C:\Program Files\Microsoft SQL Server\120\Tools\Binn\;C:\Program Files (x86)\AMD\ATI.ACE\Core-Static;C:\Program Files\Java\jdk1.7.0_71\bin;C:\Program Files\Java\jdk1.7.0_71\jre\bin;D:\iPrograms\android sdk\tools;D:\iPrograms\Matlib\runtime\win64;D:\iPrograms\Matlib\bin;D:\iPrograms\Matlib\polyspace\bin;D:\iPrograms\opencv\build\x64\vc12\bin;D:\iPrograms\Python\Python 3.5.2\Scripts\;D:\iPrograms\Python\Python 3.5.2\
USERNAME=RoMan
OS=Windows_NT
PROCESSOR_IDENTIFIER=Intel64 Family 6 Model 42 Stepping 7, GenuineIntel



---------------  S Y S T E M  ---------------

OS: Windows 8.1 , 64 bit Build 9600 

CPU:total 4 (2 cores per cpu, 2 threads per core) family 6 model 42 stepping 7, cmov, cx8, fxsr, mmx, sse, sse2, sse3, ssse3, sse4.1, sse4.2, popcnt, avx, ht, tsc, tscinvbit

Memory: 4k page, physical 4103404k(125784k free), swap 8297708k(3416k free)

vm_info: Java HotSpot(TM) 64-Bit Server VM (24.71-b01) for windows-amd64 JRE (1.7.0_71-b14), built on Sep 26 2014 16:16:12 by "java_re" with unknown MS VC++:1600

time: Tue Jul 26 20:45:36 2016
elapsed time: 1 seconds

