#
# There is insufficient memory for the Java Runtime Environment to continue.
# Native memory allocation (malloc) failed to allocate 767456 bytes for Chunk::new
# Possible reasons:
#   The system is out of physical RAM or swap space
#   In 32 bit mode, the process size limit was hit
# Possible solutions:
#   Reduce memory load on the system
#   Increase physical memory or swap space
#   Check if swap backing store is full
#   Use 64 bit Java on a 64 bit OS
#   Decrease Java heap size (-Xmx/-Xms)
#   Decrease number of Java threads
#   Decrease Java thread stack sizes (-Xss)
#   Set larger code cache with -XX:ReservedCodeCacheSize=
# This output file may be truncated or incomplete.
#
#  Out of Memory Error (allocation.cpp:323), pid=313352, tid=315132
#
# JRE version: Java(TM) SE Runtime Environment (7.0_71-b14) (build 1.7.0_71-b14)
# Java VM: Java HotSpot(TM) 64-Bit Server VM (24.71-b01 mixed mode windows-amd64 compressed oops)
# Failed to write core dump. Minidumps are not enabled by default on client versions of Windows
#

---------------  T H R E A D  ---------------

Current thread (0x00000000086ed800):  JavaThread "C2 CompilerThread0" daemon [_thread_in_native, id=315132, stack(0x0000000009c40000,0x0000000009d40000)]

Stack: [0x0000000009c40000,0x0000000009d40000]

Current CompileTask:
C2:   1872  182             com.android.dx.ssa.Dominators::run (506 bytes)


---------------  P R O C E S S  ---------------

Java Threads: ( => current thread )
  0x000000000a0fd000 JavaThread "pool-2-thread-3" [_thread_in_Java, id=315300, stack(0x000000000a740000,0x000000000a840000)]
  0x000000000a17d000 JavaThread "pool-3-thread-1" [_thread_blocked, id=305564, stack(0x000000000a540000,0x000000000a640000)]
  0x000000000a180800 JavaThread "pool-2-thread-1" [_thread_in_Java, id=314404, stack(0x000000000a440000,0x000000000a540000)]
  0x0000000008700000 JavaThread "Service Thread" daemon [_thread_blocked, id=311980, stack(0x0000000009e40000,0x0000000009f40000)]
  0x00000000086f0800 JavaThread "C2 CompilerThread1" daemon [_thread_in_native, id=283088, stack(0x0000000009d40000,0x0000000009e40000)]
=>0x00000000086ed800 JavaThread "C2 CompilerThread0" daemon [_thread_in_native, id=315132, stack(0x0000000009c40000,0x0000000009d40000)]
  0x00000000086d0000 JavaThread "Attach Listener" daemon [_thread_blocked, id=312432, stack(0x0000000009b40000,0x0000000009c40000)]
  0x00000000086cf000 JavaThread "Signal Dispatcher" daemon [_thread_blocked, id=315196, stack(0x0000000009a40000,0x0000000009b40000)]
  0x000000000869a000 JavaThread "Finalizer" daemon [_thread_blocked, id=315164, stack(0x0000000009940000,0x0000000009a40000)]
  0x0000000008696800 JavaThread "Reference Handler" daemon [_thread_blocked, id=315328, stack(0x0000000009840000,0x0000000009940000)]
  0x00000000027e1000 JavaThread "main" [_thread_blocked, id=315040, stack(0x00000000026a0000,0x00000000027a0000)]

Other Threads:
  0x0000000008691800 VMThread [stack: 0x0000000009740000,0x0000000009840000] [id=314524]
  0x0000000008709800 WatcherThread [stack: 0x0000000009f40000,0x000000000a040000] [id=315024]

VM state:not at safepoint (normal execution)

VM Mutex/Monitor currently owned by a thread: None

Heap
 PSYoungGen      total 18944K, used 8581K [0x00000000eaa80000, 0x00000000ebf80000, 0x0000000100000000)
  eden space 16384K, 36% used [0x00000000eaa80000,0x00000000eb0672e0,0x00000000eba80000)
  from space 2560K, 99% used [0x00000000eba80000,0x00000000ebcfa330,0x00000000ebd00000)
  to   space 2560K, 0% used [0x00000000ebd00000,0x00000000ebd00000,0x00000000ebf80000)
 ParOldGen       total 42496K, used 2058K [0x00000000c0000000, 0x00000000c2980000, 0x00000000eaa80000)
  object space 42496K, 4% used [0x00000000c0000000,0x00000000c0202a68,0x00000000c2980000)
 PSPermGen       total 21504K, used 5641K [0x00000000bae00000, 0x00000000bc300000, 0x00000000c0000000)
  object space 21504K, 26% used [0x00000000bae00000,0x00000000bb3827d0,0x00000000bc300000)

Card table byte_map: [0x00000000058e0000,0x0000000005b10000] byte_map_base: 0x0000000005309000

Polling page: 0x0000000000840000

Code Cache  [0x00000000028e0000, 0x0000000002b50000, 0x00000000058e0000)
 total_blobs=419 nmethods=182 adapters=189 free_code_cache=48382Kb largest_free_block=49507200

Compilation events (10 events):
Event: 1.738 Thread 0x00000000086ed800  179             com.android.dx.ssa.LocalVariableExtractor::processBlock (383 bytes)
Event: 1.744 Thread 0x00000000086f0800  180             com.android.dx.ssa.SsaRenamer$BlockRenamer::process (191 bytes)
Event: 1.769 Thread 0x00000000086ed800 nmethod 179 0x00000000029a2810 code [0x00000000029a2a40, 0x00000000029a36a0]
Event: 1.776 Thread 0x00000000086ed800  181             com.android.dx.ssa.SsaBasicBlock::forEachPhiInsn (54 bytes)
Event: 1.785 Thread 0x00000000086ed800 nmethod 181 0x0000000002985690 code [0x0000000002985820, 0x0000000002985be8]
Event: 1.797 Thread 0x00000000086ed800  182             com.android.dx.ssa.Dominators::run (506 bytes)
Event: 1.813 Thread 0x00000000086f0800 nmethod 180 0x00000000029a4d10 code [0x00000000029a5020, 0x00000000029a6628]
Event: 1.814 Thread 0x00000000086f0800  183             java.util.HashMap::put (142 bytes)
Event: 1.829 Thread 0x00000000086f0800 nmethod 183 0x000000000298a150 code [0x000000000298a360, 0x000000000298aaa0]
Event: 1.829 Thread 0x00000000086f0800  184             com.android.dx.ssa.SCCP::run (298 bytes)

GC Heap History (2 events):
Event: 1.273 GC heap before
{Heap before GC invocations=1 (full 0):
 PSYoungGen      total 18944K, used 16384K [0x00000000eaa80000, 0x00000000ebf80000, 0x0000000100000000)
  eden space 16384K, 100% used [0x00000000eaa80000,0x00000000eba80000,0x00000000eba80000)
  from space 2560K, 0% used [0x00000000ebd00000,0x00000000ebd00000,0x00000000ebf80000)
  to   space 2560K, 0% used [0x00000000eba80000,0x00000000eba80000,0x00000000ebd00000)
 ParOldGen       total 42496K, used 0K [0x00000000c0000000, 0x00000000c2980000, 0x00000000eaa80000)
  object space 42496K, 0% used [0x00000000c0000000,0x00000000c0000000,0x00000000c2980000)
 PSPermGen       total 21504K, used 5593K [0x00000000bae00000, 0x00000000bc300000, 0x00000000c0000000)
  object space 21504K, 26% used [0x00000000bae00000,0x00000000bb376758,0x00000000bc300000)
Event: 1.331 GC heap after
Heap after GC invocations=1 (full 0):
 PSYoungGen      total 18944K, used 2536K [0x00000000eaa80000, 0x00000000ebf80000, 0x0000000100000000)
  eden space 16384K, 0% used [0x00000000eaa80000,0x00000000eaa80000,0x00000000eba80000)
  from space 2560K, 99% used [0x00000000eba80000,0x00000000ebcfa330,0x00000000ebd00000)
  to   space 2560K, 0% used [0x00000000ebd00000,0x00000000ebd00000,0x00000000ebf80000)
 ParOldGen       total 42496K, used 2058K [0x00000000c0000000, 0x00000000c2980000, 0x00000000eaa80000)
  object space 42496K, 4% used [0x00000000c0000000,0x00000000c0202a68,0x00000000c2980000)
 PSPermGen       total 21504K, used 5593K [0x00000000bae00000, 0x00000000bc300000, 0x00000000c0000000)
  object space 21504K, 26% used [0x00000000bae00000,0x00000000bb376758,0x00000000bc300000)
}

Deoptimization events (1 events):
Event: 1.109 Thread 0x000000000a152800 Uncommon trap: reason=predicate action=maybe_recompile pc=0x0000000002961eec method=java.util.ArrayList.remove(Ljava/lang/Object;)Z @ 49

Internal exceptions (10 events):
Event: 0.700 Thread 0x000000000a17d800 Threw 0x00000000eb23bc20 at C:\re\jdk7u71\1605\hotspot\src\share\vm\prims\jvm.cpp:1281
Event: 0.700 Thread 0x000000000a0fd000 Threw 0x00000000eaf89178 at C:\re\jdk7u71\1605\hotspot\src\share\vm\prims\jvm.cpp:1281
Event: 0.701 Thread 0x000000000a0fd000 Threw 0x00000000eaf8bca8 at C:\re\jdk7u71\1605\hotspot\src\share\vm\prims\jvm.cpp:1281
Event: 0.713 Thread 0x000000000a17d800 Threw 0x00000000eb2555e0 at C:\re\jdk7u71\1605\hotspot\src\share\vm\prims\jvm.cpp:1281
Event: 0.714 Thread 0x000000000a180800 Threw 0x00000000eb043100 at C:\re\jdk7u71\1605\hotspot\src\share\vm\prims\jvm.cpp:1281
Event: 0.727 Thread 0x000000000a180800 Threw 0x00000000eb2e7c28 at C:\re\jdk7u71\1605\hotspot\src\share\vm\prims\jvm.cpp:1281
Event: 0.929 Thread 0x00000000027e1000 Threw 0x00000000eb635dc0 at C:\re\jdk7u71\1605\hotspot\src\share\vm\prims\jvm.cpp:1281
Event: 1.018 Thread 0x000000000a17d800 Threw 0x00000000eb754fd0 at C:\re\jdk7u71\1605\hotspot\src\share\vm\prims\jvm.cpp:1281
Event: 1.103 Thread 0x000000000a152800 Threw 0x00000000eb8fe860 at C:\re\jdk7u71\1605\hotspot\src\share\vm\prims\jvm.cpp:1281
Event: 1.166 Thread 0x000000000a17d800 Threw 0x00000000eb885238 at C:\re\jdk7u71\1605\hotspot\src\share\vm\prims\jvm.cpp:1281

Events (10 events):
Event: 1.103 loading class 0x000000000a1469a0 done
Event: 1.109 Thread 0x000000000a152800 Uncommon trap: trap_request=0xffffff86 fr.pc=0x0000000002961eec
Event: 1.109 Thread 0x000000000a152800 DEOPT PACKING pc=0x0000000002961eec sp=0x000000000a93ec10
Event: 1.109 Thread 0x000000000a152800 DEOPT UNPACKING pc=0x00000000029175a4 sp=0x000000000a93ebd8 mode 2
Event: 1.166 loading class 0x000000000a177bc0
Event: 1.166 loading class 0x000000000a177bc0 done
Event: 1.267 Executing VM operation: ParallelGCFailedAllocation
Event: 1.331 Executing VM operation: ParallelGCFailedAllocation done
Event: 1.501 Thread 0x000000000a152800 Thread exited: 0x000000000a152800
Event: 1.806 Thread 0x000000000a17d800 Thread exited: 0x000000000a17d800


Dynamic libraries:
0x00007ff72db50000 - 0x00007ff72db83000 	C:\Program Files\Java\jdk1.7.0_71\bin\java.exe
0x00007ffc4a850000 - 0x00007ffc4aa11000 	C:\WINDOWS\SYSTEM32\ntdll.dll
0x00007ffc47dd0000 - 0x00007ffc47e7d000 	C:\WINDOWS\system32\KERNEL32.DLL
0x00007ffc47a10000 - 0x00007ffc47bf8000 	C:\WINDOWS\system32\KERNELBASE.dll
0x00007ffc49c10000 - 0x00007ffc49cb7000 	C:\WINDOWS\system32\ADVAPI32.dll
0x00007ffc49de0000 - 0x00007ffc49e7d000 	C:\WINDOWS\system32\msvcrt.dll
0x00007ffc47e80000 - 0x00007ffc47edb000 	C:\WINDOWS\system32\sechost.dll
0x00007ffc4a730000 - 0x00007ffc4a84c000 	C:\WINDOWS\system32\RPCRT4.dll
0x00007ffc47c50000 - 0x00007ffc47da6000 	C:\WINDOWS\system32\USER32.dll
0x00007ffc4a030000 - 0x00007ffc4a1b6000 	C:\WINDOWS\system32\GDI32.dll
0x00007ffc398f0000 - 0x00007ffc39b64000 	C:\WINDOWS\WinSxS\amd64_microsoft.windows.common-controls_6595b64144ccf1df_6.0.10586.494_none_a2d8b04ea53e3145\COMCTL32.dll
0x00007ffc48090000 - 0x00007ffc4830d000 	C:\WINDOWS\system32\combase.dll
0x00007ffc46f00000 - 0x00007ffc46f6a000 	C:\WINDOWS\system32\bcryptPrimitives.dll
0x00007ffc49cc0000 - 0x00007ffc49cfb000 	C:\WINDOWS\system32\IMM32.DLL
0x0000000058e40000 - 0x0000000058f12000 	C:\Program Files\Java\jdk1.7.0_71\jre\bin\msvcr100.dll
0x0000000059310000 - 0x0000000059ae3000 	C:\Program Files\Java\jdk1.7.0_71\jre\bin\server\jvm.dll
0x00007ffc4a720000 - 0x00007ffc4a728000 	C:\WINDOWS\system32\PSAPI.DLL
0x00007ffc3b5e0000 - 0x00007ffc3b5e9000 	C:\WINDOWS\SYSTEM32\WSOCK32.dll
0x00007ffc49b90000 - 0x00007ffc49bfb000 	C:\WINDOWS\system32\WS2_32.dll
0x00007ffc452c0000 - 0x00007ffc452e3000 	C:\WINDOWS\SYSTEM32\WINMM.dll
0x00007ffc45070000 - 0x00007ffc4509c000 	C:\WINDOWS\SYSTEM32\WINMMBASE.dll
0x00007ffc47c00000 - 0x00007ffc47c43000 	C:\WINDOWS\system32\cfgmgr32.dll
0x0000000059300000 - 0x000000005930f000 	C:\Program Files\Java\jdk1.7.0_71\jre\bin\verify.dll
0x00000000592d0000 - 0x00000000592f8000 	C:\Program Files\Java\jdk1.7.0_71\jre\bin\java.dll
0x00000000592b0000 - 0x00000000592c5000 	C:\Program Files\Java\jdk1.7.0_71\jre\bin\zip.dll
0x0000000059290000 - 0x00000000592a9000 	C:\Program Files\Java\jdk1.7.0_71\jre\bin\net.dll
0x00007ffc467a0000 - 0x00007ffc467fc000 	C:\WINDOWS\system32\mswsock.dll
0x0000000059270000 - 0x0000000059281000 	C:\Program Files\Java\jdk1.7.0_71\jre\bin\nio.dll

VM Arguments:
jvm_args: -Djava.awt.headless=true -Xmx1024M -Dfile.encoding=GBK -Duser.country=CN -Duser.language=zh -Duser.variant 
java_command: com.android.dx.command.Main --dex --force-jumbo --num-threads=4 --multi-dex --output C:\Users\RoMan\Documents\AndroidStudioProject\MyApplication\app\build\intermediates\transforms\dex\debug\folders\1000\2\ApiStoreSDK1.0.4_9f508cce8fd2eadf55a69744ce7c863d67e2de4b C:\Users\RoMan\Documents\AndroidStudioProject\MyApplication\app\libs\ApiStoreSDK1.0.4.jar
Launcher Type: SUN_STANDARD

Environment Variables:
JAVA_HOME=C:\Program Files\Java\jdk1.7.0_71
CLASSPATH=.;C:\Program Files\Java\jdk1.7.0_71\lib\dt.jar;C:\Program Files\Java\jdk1.7.0_71\lib\tools.jar
PATH=C:\WINDOWS\system32;C:\WINDOWS;C:\WINDOWS\System32\Wbem;C:\WINDOWS\System32\WindowsPowerShell\v1.0\;C:\Program Files (x86)\ATI Technologies\ATI.ACE\Core-Static;C:\Program Files (x86)\Windows Kits\8.1\Windows Performance Toolkit\;C:\Program Files\Microsoft SQL Server\110\Tools\Binn\;C:\Program Files (x86)\Microsoft SDKs\TypeScript\1.0\;C:\Program Files\Microsoft SQL Server\120\Tools\Binn\;C:\Program Files (x86)\AMD\ATI.ACE\Core-Static;C:\Program Files\Java\jdk1.7.0_71\bin;C:\Program Files\Java\jdk1.7.0_71\jre\bin;D:\iPrograms\android sdk\tools;D:\iPrograms\Matlib\runtime\win64;D:\iPrograms\Matlib\bin;D:\iPrograms\Matlib\polyspace\bin;D:\iPrograms\opencv\build\x64\vc12\bin;D:\iPrograms\Python\Python 3.5.2\Scripts\;D:\iPrograms\Python\Python 3.5.2\
USERNAME=RoMan
OS=Windows_NT
PROCESSOR_IDENTIFIER=Intel64 Family 6 Model 42 Stepping 7, GenuineIntel



---------------  S Y S T E M  ---------------

OS: Windows 8.1 , 64 bit Build 9600 

CPU:total 4 (2 cores per cpu, 2 threads per core) family 6 model 42 stepping 7, cmov, cx8, fxsr, mmx, sse, sse2, sse3, ssse3, sse4.1, sse4.2, popcnt, avx, ht, tsc, tscinvbit

Memory: 4k page, physical 4103404k(112716k free), swap 8297708k(5544k free)

vm_info: Java HotSpot(TM) 64-Bit Server VM (24.71-b01) for windows-amd64 JRE (1.7.0_71-b14), built on Sep 26 2014 16:16:12 by "java_re" with unknown MS VC++:1600

time: Tue Jul 26 20:33:59 2016
elapsed time: 1 seconds

